<?xml version="1.0" encoding="UTF-8"?>
<testsuite name="testTest.TestTest" tests="3" skipped="0" failures="0" errors="0" timestamp="2023-11-03T16:44:25" hostname="LENOVO" time="0.526">
  <properties/>
  <testcase name="test1()" classname="testTest.TestTest" time="0.475"/>
  <testcase name="test2()" classname="testTest.TestTest" time="0.022"/>
  <testcase name="test3()" classname="testTest.TestTest" time="0.01"/>
  <system-out><![CDATA[]]></system-out>
  <system-err><![CDATA[]]></system-err>
</testsuite>
