<?xml version="1.0" encoding="UTF-8"?>
<testsuite name="properties.SystemPropertiesTest" tests="1" skipped="0" failures="0" errors="0" timestamp="2023-11-06T07:10:38" hostname="LENOVO" time="0.311">
  <properties/>
  <testcase name="simplePrTest()" classname="properties.SystemPropertiesTest" time="0.311"/>
  <system-out><![CDATA[Hello, Leonard Liff
]]></system-out>
  <system-err><![CDATA[]]></system-err>
</testsuite>
