<?xml version="1.0" encoding="UTF-8"?>
<testsuite name="jenkins.PositiveTest" tests="5" skipped="0" failures="0" errors="0" timestamp="2023-11-05T07:25:41" hostname="LENOVO" time="0.254">
  <properties/>
  <testcase name="test1()" classname="jenkins.PositiveTest" time="0.007"/>
  <testcase name="test2()" classname="jenkins.PositiveTest" time="0.005"/>
  <testcase name="test3()" classname="jenkins.PositiveTest" time="0.126"/>
  <testcase name="test4()" classname="jenkins.PositiveTest" time="0.036"/>
  <testcase name="test5()" classname="jenkins.PositiveTest" time="0.014"/>
  <system-out><![CDATA[]]></system-out>
  <system-err><![CDATA[]]></system-err>
</testsuite>
