<?xml version="1.0" encoding="UTF-8"?>
<testsuite name="jenkins.PositiveTest" tests="1" skipped="0" failures="0" errors="0" timestamp="2023-11-05T07:52:22" hostname="LENOVO" time="0.019">
  <properties/>
  <testcase name="test1()" classname="jenkins.PositiveTest" time="0.019"/>
  <system-out><![CDATA[]]></system-out>
  <system-err><![CDATA[]]></system-err>
</testsuite>
