<?xml version="1.0" encoding="UTF-8"?>
<testsuite name="jenkins.SkippedTest" tests="5" skipped="5" failures="0" errors="0" timestamp="2023-11-05T07:25:41" hostname="LENOVO" time="0.074">
  <properties/>
  <testcase name="test1()" classname="jenkins.SkippedTest" time="0.002">
    <skipped/>
  </testcase>
  <testcase name="test2()" classname="jenkins.SkippedTest" time="0.002">
    <skipped/>
  </testcase>
  <testcase name="test3()" classname="jenkins.SkippedTest" time="0.002">
    <skipped/>
  </testcase>
  <testcase name="test4()" classname="jenkins.SkippedTest" time="0.001">
    <skipped/>
  </testcase>
  <testcase name="test5()" classname="jenkins.SkippedTest" time="0.009">
    <skipped/>
  </testcase>
  <system-out><![CDATA[]]></system-out>
  <system-err><![CDATA[]]></system-err>
</testsuite>
